Apr-10 20:33:43.941 [main] DEBUG nextflow.cli.Launcher - $> nextflow run nf-core/rnaseq -r 3.11.1 -resume --outdir /storage/workspaces/ips_reislab/reislab/reis/nf-rnaseq-ubelix/results -c unibe_ibu.config
Apr-10 20:33:44.077 [main] INFO  nextflow.cli.CmdRun - N E X T F L O W  ~  version 22.10.1
Apr-10 20:33:44.135 [main] DEBUG nextflow.plugin.PluginsFacade - Setting up plugin manager > mode=prod; embedded=false; plugins-dir=/storage/homefs/rs21h732/.nextflow/plugins; core-plugins: nf-amazon@1.11.0,nf-azure@0.14.2,nf-codecommit@0.1.2,nf-console@1.0.4,nf-ga4gh@1.0.4,nf-google@1.4.4,nf-tower@1.5.5,nf-wave@0.5.2
Apr-10 20:33:44.158 [main] INFO  org.pf4j.DefaultPluginStatusProvider - Enabled plugins: []
Apr-10 20:33:44.159 [main] INFO  org.pf4j.DefaultPluginStatusProvider - Disabled plugins: []
Apr-10 20:33:44.167 [main] INFO  org.pf4j.DefaultPluginManager - PF4J version 3.4.1 in 'deployment' mode
Apr-10 20:33:44.174 [main] INFO  org.pf4j.AbstractPluginManager - No plugins
Apr-10 20:33:44.211 [main] DEBUG nextflow.scm.ProviderConfig - Using SCM config path: /storage/homefs/rs21h732/.nextflow/scm
Apr-10 20:33:46.563 [main] DEBUG nextflow.scm.AssetManager - Git config: /storage/homefs/rs21h732/.nextflow/assets/nf-core/rnaseq/.git/config; branch: master; remote: origin; url: https://github.com/nf-core/rnaseq.git
Apr-10 20:33:46.637 [main] DEBUG nextflow.scm.RepositoryFactory - Found Git repository result: [RepositoryFactory]
Apr-10 20:33:46.646 [main] DEBUG nextflow.scm.AssetManager - Git config: /storage/homefs/rs21h732/.nextflow/assets/nf-core/rnaseq/.git/config; branch: master; remote: origin; url: https://github.com/nf-core/rnaseq.git
Apr-10 20:33:48.283 [main] DEBUG nextflow.config.ConfigBuilder - Found config base: /storage/homefs/rs21h732/.nextflow/assets/nf-core/rnaseq/nextflow.config
Apr-10 20:33:48.292 [main] DEBUG nextflow.config.ConfigBuilder - User config file: /storage/workspaces/ips_reislab/reislab/reis/nf-rnaseq-ubelix/unibe_ibu.config
Apr-10 20:33:48.292 [main] DEBUG nextflow.config.ConfigBuilder - Parsing config file: /storage/homefs/rs21h732/.nextflow/assets/nf-core/rnaseq/nextflow.config
Apr-10 20:33:48.292 [main] DEBUG nextflow.config.ConfigBuilder - Parsing config file: /storage/workspaces/ips_reislab/reislab/reis/nf-rnaseq-ubelix/unibe_ibu.config
Apr-10 20:33:48.315 [main] DEBUG nextflow.config.ConfigBuilder - Applying config profile: `standard`
Apr-10 20:33:52.128 [main] DEBUG nextflow.config.ConfigBuilder - Applying config profile: `standard`
Apr-10 20:33:52.182 [main] WARN  nextflow.config.ConfigBuilder - It appears you have never run this project before -- Option `-resume` is ignored
Apr-10 20:33:52.290 [main] DEBUG nextflow.cli.CmdRun - Applied DSL=2 from script declararion
Apr-10 20:33:52.291 [main] INFO  nextflow.cli.CmdRun - Launching `https://github.com/nf-core/rnaseq` [astonishing_caravaggio] DSL2 - revision: 287afcfe30 [3.11.1]
Apr-10 20:33:52.291 [main] DEBUG nextflow.plugin.PluginsFacade - Plugins default=[]
Apr-10 20:33:52.291 [main] DEBUG nextflow.plugin.PluginsFacade - Plugins resolved requirement=[]
Apr-10 20:33:52.294 [main] DEBUG nextflow.secret.LocalSecretsProvider - Secrets store: /storage/homefs/rs21h732/.nextflow/secrets/store.json
Apr-10 20:33:52.296 [main] DEBUG nextflow.secret.SecretsLoader - Discovered secrets providers: [nextflow.secret.LocalSecretsProvider@5e8bd498] - activable => nextflow.secret.LocalSecretsProvider@5e8bd498
Apr-10 20:33:52.401 [main] DEBUG nextflow.Session - Session UUID: 55182251-d03b-4819-85b1-97d94bd03cd2
Apr-10 20:33:52.402 [main] DEBUG nextflow.Session - Run name: astonishing_caravaggio
Apr-10 20:33:52.402 [main] DEBUG nextflow.Session - Executor pool size: 2
Apr-10 20:33:52.425 [main] DEBUG nextflow.util.ThreadPoolBuilder - Creating thread pool 'FileTransfer' minSize=10; maxSize=10; workQueue=LinkedBlockingQueue[10000]; allowCoreThreadTimeout=false
Apr-10 20:33:52.522 [main] DEBUG nextflow.cli.CmdRun - 
  Version: 22.10.1 build 5829
  Created: 27-10-2022 18:39 UTC (20:39 CEST)
  System: Linux 3.10.0-1160.80.1.el7.x86_64
  Runtime: Groovy 3.0.13 on OpenJDK 64-Bit Server VM 11.0.2+9
  Encoding: UTF-8 (ANSI_X3.4-1968)
  Process: 123133@bnode052 [10.1.3.52]
  CPUs: 1 - Mem: 1007.5 GB (905.6 GB) - Swap: 2 GB (2 GB)
Apr-10 20:33:52.615 [main] DEBUG nextflow.Session - Work-dir: /storage/workspaces/ips_reislab/reislab/reis/nf-rnaseq-ubelix/work [gpfs]
Apr-10 20:33:52.735 [main] DEBUG nextflow.executor.ExecutorFactory - Extension executors providers=[GoogleLifeSciencesExecutor, AwsBatchExecutor, GoogleBatchExecutor]
Apr-10 20:33:52.760 [main] DEBUG nextflow.Session - Observer factory: DefaultObserverFactory
Apr-10 20:33:52.792 [main] DEBUG nextflow.Session - Observer factory: TowerFactory
Apr-10 20:33:52.957 [main] DEBUG nextflow.cache.CacheFactory - Using Nextflow cache factory: nextflow.cache.DefaultCacheFactory
Apr-10 20:33:52.978 [main] DEBUG nextflow.util.CustomThreadPool - Creating default thread pool > poolSize: 2; maxThreads: 1000
Apr-10 20:33:53.405 [main] DEBUG nextflow.Session - Session start
Apr-10 20:33:53.409 [main] DEBUG nextflow.trace.TraceFileObserver - Workflow started -- trace file: /storage/workspaces/ips_reislab/reislab/reis/nf-rnaseq-ubelix/results/pipeline_info/execution_trace_2023-04-10_20-33-50.txt
Apr-10 20:33:53.482 [main] DEBUG nextflow.Session - Using default localLib path: /storage/homefs/rs21h732/.nextflow/assets/nf-core/rnaseq/lib
Apr-10 20:33:53.517 [main] DEBUG nextflow.Session - Adding to the classpath library: /storage/homefs/rs21h732/.nextflow/assets/nf-core/rnaseq/lib
Apr-10 20:33:53.518 [main] DEBUG nextflow.Session - Adding to the classpath library: /storage/homefs/rs21h732/.nextflow/assets/nf-core/rnaseq/lib/nfcore_external_java_deps.jar
Apr-10 20:33:55.841 [main] DEBUG nextflow.script.ScriptRunner - > Launching execution
Apr-10 20:33:56.022 [main] INFO  nextflow.Nextflow - 

-[2m----------------------------------------------------[0m-
                                        [0;32m,--.[0;30m/[0;32m,-.[0m
[0;34m        ___     __   __   __   ___     [0;32m/,-._.--~'[0m
[0;34m  |\ | |__  __ /  ` /  \ |__) |__         [0;33m}  {[0m
[0;34m  | \| |       \__, \__/ |  \ |___     [0;32m\`-._,-`-,[0m
                                        [0;32m`._,._,'[0m
[0;35m  nf-core/rnaseq v3.11.1-g287afcf[0m
-[2m----------------------------------------------------[0m-
[1mCore Nextflow options[0m
  [0;34mrevision                  : [0;32m3.11.1[0m
  [0;34mrunName                   : [0;32mastonishing_caravaggio[0m
  [0;34mcontainerEngine           : [0;32msingularity[0m
  [0;34mlaunchDir                 : [0;32m/storage/workspaces/ips_reislab/reislab/reis/nf-rnaseq-ubelix[0m
  [0;34mworkDir                   : [0;32m/storage/workspaces/ips_reislab/reislab/reis/nf-rnaseq-ubelix/work[0m
  [0;34mprojectDir                : [0;32m/storage/homefs/rs21h732/.nextflow/assets/nf-core/rnaseq[0m
  [0;34muserName                  : [0;32mrs21h732[0m
  [0;34mprofile                   : [0;32mstandard[0m
  [0;34mconfigFiles               : [0;32m/storage/homefs/rs21h732/.nextflow/assets/nf-core/rnaseq/nextflow.config, /storage/workspaces/ips_reislab/reislab/reis/nf-rnaseq-ubelix/unibe_ibu.config[0m

[1mInput/output options[0m
  [0;34moutdir                    : [0;32m/storage/workspaces/ips_reislab/reislab/reis/nf-rnaseq-ubelix/results[0m

[1mInstitutional config options[0m
  [0;34mconfig_profile_description: [0;32mUniversity of Bern, Interfaculty Bioinformatics Unit cluster profile[0m
  [0;34mconfig_profile_contact    : [0;32mirene.keller@dbmr.unibe.ch; info@bioinformatics.unibe.ch[0m
  [0;34mconfig_profile_url        : [0;32mhttps://www.bioinformatics.unibe.ch/[0m

[1mMax job request options[0m
  [0;34mmax_cpus                  : [0;32m128[0m
  [0;34mmax_memory                : [0;32m500 GB[0m
  [0;34mmax_time                  : [0;32m10d[0m

!! Only displaying parameters that differ from the pipeline defaults !!
-[2m----------------------------------------------------[0m-
If you use nf-core/rnaseq for your analysis please cite:

* The pipeline
  https://doi.org/10.5281/zenodo.1400710

* The nf-core framework
  https://doi.org/10.1038/s41587-020-0439-x

* Software dependencies
  https://github.com/nf-core/rnaseq/blob/master/CITATIONS.md
-[2m----------------------------------------------------[0m-
Apr-10 20:33:56.025 [main] WARN  nextflow.Nextflow - ~~~~~~~~~~~~~~~~~~~~~~~~~~~~~~~~~~~~~~~~~~~~~~~~~~~~~~~~~~~~~~~~~~~~~~
  Multiple config files detected!
  Please provide pipeline parameters via the CLI or Nextflow '-params-file' option.
  Custom config files including those provided by the '-c' Nextflow option can be
  used to provide any configuration except for parameters.

  Docs: https://nf-co.re/usage/configuration#custom-configuration-files
~~~~~~~~~~~~~~~~~~~~~~~~~~~~~~~~~~~~~~~~~~~~~~~~~~~~~~~~~~~~~~~~~~~~~~~~~~~~
Apr-10 20:33:56.404 [main] DEBUG nextflow.Session - Session aborted -- Cause: Please provide an input samplesheet to the pipeline e.g. '--input samplesheet.csv'
Apr-10 20:33:56.419 [main] ERROR nextflow.cli.Launcher - @unknown
nextflow.exception.ProcessUnrecoverableException: Please provide an input samplesheet to the pipeline e.g. '--input samplesheet.csv'
	at java.base/jdk.internal.reflect.NativeConstructorAccessorImpl.newInstance0(Native Method)
	at java.base/jdk.internal.reflect.NativeConstructorAccessorImpl.newInstance(NativeConstructorAccessorImpl.java:62)
	at java.base/jdk.internal.reflect.DelegatingConstructorAccessorImpl.newInstance(DelegatingConstructorAccessorImpl.java:45)
	at java.base/java.lang.reflect.Constructor.newInstance(Constructor.java:490)
	at org.codehaus.groovy.reflection.CachedConstructor.invoke(CachedConstructor.java:72)
	at org.codehaus.groovy.runtime.callsite.ConstructorSite$ConstructorSiteNoUnwrapNoCoerce.callConstructor(ConstructorSite.java:105)
	at org.codehaus.groovy.runtime.callsite.CallSiteArray.defaultCallConstructor(CallSiteArray.java:59)
	at org.codehaus.groovy.runtime.callsite.AbstractCallSite.callConstructor(AbstractCallSite.java:263)
	at org.codehaus.groovy.runtime.callsite.AbstractCallSite.callConstructor(AbstractCallSite.java:277)
	at nextflow.Nextflow.error(Nextflow.groovy:262)
	at nextflow.Nextflow$error.call(Unknown Source)
	at org.codehaus.groovy.runtime.callsite.CallSiteArray.defaultCall(CallSiteArray.java:47)
	at org.codehaus.groovy.runtime.callsite.AbstractCallSite.call(AbstractCallSite.java:125)
	at org.codehaus.groovy.runtime.callsite.AbstractCallSite.call(AbstractCallSite.java:139)
	at WorkflowMain.initialise(WorkflowMain.groovy:88)
	at WorkflowMain$initialise$0.call(Unknown Source)
	at org.codehaus.groovy.runtime.callsite.CallSiteArray.defaultCall(CallSiteArray.java:47)
	at org.codehaus.groovy.runtime.callsite.AbstractCallSite.call(AbstractCallSite.java:125)
	at org.codehaus.groovy.runtime.callsite.AbstractCallSite.call(AbstractCallSite.java:157)
	at Script_33353ce4.runScript(Script_33353ce4:38)
	at nextflow.script.BaseScript.runDsl2(BaseScript.groovy:170)
	at nextflow.script.BaseScript.run(BaseScript.groovy:217)
	at nextflow.script.ScriptParser.runScript(ScriptParser.groovy:230)
	at nextflow.script.ScriptRunner.run(ScriptRunner.groovy:225)
	at nextflow.script.ScriptRunner.execute(ScriptRunner.groovy:131)
	at nextflow.cli.CmdRun.run(CmdRun.groovy:354)
	at nextflow.cli.Launcher.run(Launcher.groovy:487)
	at nextflow.cli.Launcher.main(Launcher.groovy:646)
